{"message":"Run action. actionType: get_notifications,\n                            actionPath: notification","level":"\u001b[32minfo\u001b[39m","timestamp":"2020-05-24T23:09:29.819Z"}
{"message":"Run action. actionType: get_notifications,\n                            actionPath: notification","level":"\u001b[32minfo\u001b[39m","timestamp":"2020-05-24T23:09:30.256Z"}
{"message":"Server and workers to born","level":"\u001b[32minfo\u001b[39m","timestamp":"2020-05-24T23:09:42.512Z"}
{"message":"Run action. actionType: get_notifications,\n                            actionPath: notification","level":"\u001b[32minfo\u001b[39m","timestamp":"2020-05-24T23:10:29.012Z"}
{"message":"Run action. actionType: get_notifications,\n                            actionPath: notification","level":"\u001b[32minfo\u001b[39m","timestamp":"2020-05-24T23:10:29.498Z"}
{"message":"Run action. actionType: get_all,\n                            actionPath: users","level":"\u001b[32minfo\u001b[39m","timestamp":"2020-05-24T23:10:29.924Z"}
{"message":"Run action. actionType: get_all,\n                            actionPath: tasks","level":"\u001b[32minfo\u001b[39m","timestamp":"2020-05-24T23:10:30.749Z"}
{"message":"Run action. actionType: list_counter,\n                            actionPath: tasks","level":"\u001b[32minfo\u001b[39m","timestamp":"2020-05-24T23:10:33.541Z"}
{"message":"Run action. actionType: get_all,\n                            actionPath: tasks","level":"\u001b[32minfo\u001b[39m","timestamp":"2020-05-24T23:10:34.595Z"}
{"message":"Run action. actionType: get_notifications,\n                            actionPath: notification","level":"\u001b[32minfo\u001b[39m","timestamp":"2020-05-24T23:10:35.858Z"}
{"message":"Run action. actionType: list_counter,\n                            actionPath: tasks","level":"\u001b[32minfo\u001b[39m","timestamp":"2020-05-24T23:10:37.465Z"}
{"message":"Run action. actionType: get_all,\n                            actionPath: users","level":"\u001b[32minfo\u001b[39m","timestamp":"2020-05-24T23:10:37.505Z"}
{"message":"Run action. actionType: get_all,\n                            actionPath: tasks","level":"\u001b[32minfo\u001b[39m","timestamp":"2020-05-24T23:10:38.606Z"}
{"message":"Run action. actionType: list_counter,\n                            actionPath: tasks","level":"\u001b[32minfo\u001b[39m","timestamp":"2020-05-24T23:10:40.312Z"}
{"message":"Run action. actionType: get_all,\n                            actionPath: tasks","level":"\u001b[32minfo\u001b[39m","timestamp":"2020-05-24T23:10:41.396Z"}
{"message":"Run action. actionType: get_notifications,\n                            actionPath: notification","level":"\u001b[32minfo\u001b[39m","timestamp":"2020-05-24T23:10:42.836Z"}
{"message":"Run action. actionType: get_all,\n                            actionPath: users","level":"\u001b[32minfo\u001b[39m","timestamp":"2020-05-24T23:10:43.519Z"}
{"message":"Run action. actionType: list_counter,\n                            actionPath: tasks","level":"\u001b[32minfo\u001b[39m","timestamp":"2020-05-24T23:10:46.453Z"}
{"message":"Run action. actionType: get_all,\n                            actionPath: users","level":"\u001b[32minfo\u001b[39m","timestamp":"2020-05-24T23:10:47.078Z"}
{"message":"Run action. actionType: get_all,\n                            actionPath: tasks","level":"\u001b[32minfo\u001b[39m","timestamp":"2020-05-24T23:10:47.540Z"}
{"message":"Run action. actionType: get_notifications,\n                            actionPath: notification","level":"\u001b[32minfo\u001b[39m","timestamp":"2020-05-24T23:10:49.828Z"}
{"message":"Run action. actionType: get_all,\n                            actionPath: news","level":"\u001b[32minfo\u001b[39m","timestamp":"2020-05-24T23:10:51.182Z"}
{"message":"Run action. actionType: get_all,\n                            actionPath: users","level":"\u001b[32minfo\u001b[39m","timestamp":"2020-05-24T23:10:56.067Z"}
{"message":"Run action. actionType: get_notifications,\n                            actionPath: notification","level":"\u001b[32minfo\u001b[39m","timestamp":"2020-05-24T23:10:56.843Z"}
{"message":"Run action. actionType: list_counter,\n                            actionPath: tasks","level":"\u001b[32minfo\u001b[39m","timestamp":"2020-05-24T23:10:57.199Z"}
{"message":"Run action. actionType: get_all,\n                            actionPath: tasks","level":"\u001b[32minfo\u001b[39m","timestamp":"2020-05-24T23:10:58.191Z"}
{"message":"Run action. actionType: get_all,\n                            actionPath: users","level":"\u001b[32minfo\u001b[39m","timestamp":"2020-05-24T23:10:58.517Z"}
{"message":"Run action. actionType: get_notifications,\n                            actionPath: notification","level":"\u001b[32minfo\u001b[39m","timestamp":"2020-05-24T23:10:59.015Z"}
{"message":"Run action. actionType: get_all,\n                            actionPath: tasks","level":"\u001b[32minfo\u001b[39m","timestamp":"2020-05-24T23:11:00.061Z"}
{"message":"Run action. actionType: get_notifications,\n                            actionPath: notification","level":"\u001b[32minfo\u001b[39m","timestamp":"2020-05-24T23:11:03.902Z"}
{"message":"Run action. actionType: get_notifications,\n                            actionPath: notification","level":"\u001b[32minfo\u001b[39m","timestamp":"2020-05-24T23:11:10.839Z"}
{"message":"Run action. actionType: get_notifications,\n                            actionPath: notification","level":"\u001b[32minfo\u001b[39m","timestamp":"2020-05-24T23:11:17.938Z"}
{"message":"Run action. actionType: get_notifications,\n                            actionPath: notification","level":"\u001b[32minfo\u001b[39m","timestamp":"2020-05-24T23:11:24.829Z"}
{"message":"Run action. actionType: get_notifications,\n                            actionPath: notification","level":"\u001b[32minfo\u001b[39m","timestamp":"2020-05-24T23:11:28.996Z"}
{"message":"Run action. actionType: get_all,\n                            actionPath: tasks","level":"\u001b[32minfo\u001b[39m","timestamp":"2020-05-24T23:11:30.053Z"}
{"message":"Run action. actionType: get_notifications,\n                            actionPath: notification","level":"\u001b[32minfo\u001b[39m","timestamp":"2020-05-24T23:11:31.842Z"}
{"message":"Run action. actionType: get_notifications,\n                            actionPath: notification","level":"\u001b[32minfo\u001b[39m","timestamp":"2020-05-24T23:11:38.876Z"}
{"message":"Run action. actionType: get_notifications,\n                            actionPath: notification","level":"\u001b[32minfo\u001b[39m","timestamp":"2020-05-24T23:11:45.847Z"}
{"message":"Run action. actionType: get_notifications,\n                            actionPath: notification","level":"\u001b[32minfo\u001b[39m","timestamp":"2020-05-24T23:11:52.820Z"}
{"message":"Run action. actionType: get_notifications,\n                            actionPath: notification","level":"\u001b[32minfo\u001b[39m","timestamp":"2020-05-24T23:11:59.018Z"}
{"message":"Run action. actionType: get_notifications,\n                            actionPath: notification","level":"\u001b[32minfo\u001b[39m","timestamp":"2020-05-24T23:11:59.908Z"}
{"message":"Run action. actionType: get_all,\n                            actionPath: tasks","level":"\u001b[32minfo\u001b[39m","timestamp":"2020-05-24T23:12:00.045Z"}
{"message":"Run action. actionType: get_notifications,\n                            actionPath: notification","level":"\u001b[32minfo\u001b[39m","timestamp":"2020-05-24T23:12:06.839Z"}
{"message":"Run action. actionType: get_notifications,\n                            actionPath: notification","level":"\u001b[32minfo\u001b[39m","timestamp":"2020-05-24T23:12:13.942Z"}
{"message":"Run action. actionType: get_notifications,\n                            actionPath: notification","level":"\u001b[32minfo\u001b[39m","timestamp":"2020-05-24T23:12:20.874Z"}
{"message":"Run action. actionType: get_notifications,\n                            actionPath: notification","level":"\u001b[32minfo\u001b[39m","timestamp":"2020-05-24T23:12:27.851Z"}
{"message":"Run action. actionType: get_notifications,\n                            actionPath: notification","level":"\u001b[32minfo\u001b[39m","timestamp":"2020-05-24T23:12:29.204Z"}
{"message":"Run action. actionType: get_all,\n                            actionPath: tasks","level":"\u001b[32minfo\u001b[39m","timestamp":"2020-05-24T23:12:30.250Z"}
{"message":"Run action. actionType: get_notifications,\n                            actionPath: notification","level":"\u001b[32minfo\u001b[39m","timestamp":"2020-05-24T23:12:34.852Z"}
{"message":"Run action. actionType: get_notifications,\n                            actionPath: notification","level":"\u001b[32minfo\u001b[39m","timestamp":"2020-05-24T23:12:41.859Z"}
{"message":"Run action. actionType: get_all,\n                            actionPath: users","level":"\u001b[32minfo\u001b[39m","timestamp":"2020-05-24T23:12:42.837Z"}
{"message":"Run action. actionType: entrypoint_chat,\n                            actionPath: chatRoom","level":"\u001b[32minfo\u001b[39m","timestamp":"2020-05-24T23:12:44.422Z"}
{"message":"Run action. actionType: get_notifications,\n                            actionPath: notification","level":"\u001b[32minfo\u001b[39m","timestamp":"2020-05-24T23:12:48.840Z"}
{"message":"Run action. actionType: get_all,\n                            actionPath: users","level":"\u001b[32minfo\u001b[39m","timestamp":"2020-05-24T23:12:50.481Z"}
{"message":"Run action. actionType: entrypoint_chat,\n                            actionPath: chatRoom","level":"\u001b[32minfo\u001b[39m","timestamp":"2020-05-24T23:12:52.017Z"}
{"message":"Run action. actionType: get_all,\n                            actionPath: users","level":"\u001b[32minfo\u001b[39m","timestamp":"2020-05-24T23:12:55.498Z"}
{"message":"Run action. actionType: get_notifications,\n                            actionPath: notification","level":"\u001b[32minfo\u001b[39m","timestamp":"2020-05-24T23:12:55.857Z"}
{"message":"Run action. actionType: entrypoint_chat,\n                            actionPath: chatRoom","level":"\u001b[32minfo\u001b[39m","timestamp":"2020-05-24T23:12:57.120Z"}
{"message":"Run action. actionType: get_notifications,\n                            actionPath: notification","level":"\u001b[32minfo\u001b[39m","timestamp":"2020-05-24T23:12:59.065Z"}
{"message":"Run action. actionType: get_all,\n                            actionPath: tasks","level":"\u001b[32minfo\u001b[39m","timestamp":"2020-05-24T23:13:00.185Z"}
{"message":"Run action. actionType: get_all,\n                            actionPath: users","level":"\u001b[32minfo\u001b[39m","timestamp":"2020-05-24T23:13:00.559Z"}
{"message":"Run action. actionType: entrypoint_chat,\n                            actionPath: chatRoom","level":"\u001b[32minfo\u001b[39m","timestamp":"2020-05-24T23:13:02.079Z"}
{"message":"Run action. actionType: get_notifications,\n                            actionPath: notification","level":"\u001b[32minfo\u001b[39m","timestamp":"2020-05-24T23:13:02.834Z"}
{"message":"Run action. actionType: get_all,\n                            actionPath: users","level":"\u001b[32minfo\u001b[39m","timestamp":"2020-05-24T23:13:05.490Z"}
{"message":"Run action. actionType: entrypoint_chat,\n                            actionPath: chatRoom","level":"\u001b[32minfo\u001b[39m","timestamp":"2020-05-24T23:13:07.112Z"}
{"message":"Run action. actionType: get_notifications,\n                            actionPath: notification","level":"\u001b[32minfo\u001b[39m","timestamp":"2020-05-24T23:13:09.833Z"}
{"message":"Run action. actionType: get_all,\n                            actionPath: users","level":"\u001b[32minfo\u001b[39m","timestamp":"2020-05-24T23:13:10.489Z"}
{"message":"Run action. actionType: entrypoint_chat,\n                            actionPath: chatRoom","level":"\u001b[32minfo\u001b[39m","timestamp":"2020-05-24T23:13:12.034Z"}
{"message":"Run action. actionType: get_all,\n                            actionPath: users","level":"\u001b[32minfo\u001b[39m","timestamp":"2020-05-24T23:13:15.467Z"}
{"message":"Run action. actionType: get_msg_by_token,\n                            actionPath: chatMsg","level":"\u001b[32minfo\u001b[39m","timestamp":"2020-05-24T23:13:16.272Z"}
{"message":"Run action. actionType: get_notifications,\n                            actionPath: notification","level":"\u001b[32minfo\u001b[39m","timestamp":"2020-05-24T23:13:16.983Z"}
{"message":"Run action. actionType: entrypoint_chat,\n                            actionPath: chatRoom","level":"\u001b[32minfo\u001b[39m","timestamp":"2020-05-24T23:13:17.166Z"}
{"message":"Run action. actionType: get_all,\n                            actionPath: users","level":"\u001b[32minfo\u001b[39m","timestamp":"2020-05-24T23:13:20.508Z"}
{"message":"Run action. actionType: entrypoint_chat,\n                            actionPath: chatRoom","level":"\u001b[32minfo\u001b[39m","timestamp":"2020-05-24T23:13:21.988Z"}
{"message":"Run action. actionType: get_notifications,\n                            actionPath: notification","level":"\u001b[32minfo\u001b[39m","timestamp":"2020-05-24T23:13:23.839Z"}
{"message":"Run action. actionType: get_all,\n                            actionPath: users","level":"\u001b[32minfo\u001b[39m","timestamp":"2020-05-24T23:13:25.471Z"}
{"message":"Run action. actionType: entrypoint_chat,\n                            actionPath: chatRoom","level":"\u001b[32minfo\u001b[39m","timestamp":"2020-05-24T23:13:27.054Z"}
{"message":"Run action. actionType: get_all,\n                            actionPath: users","level":"\u001b[32minfo\u001b[39m","timestamp":"2020-05-24T23:13:28.487Z"}
{"message":"Run action. actionType: get_notifications,\n                            actionPath: notification","level":"\u001b[32minfo\u001b[39m","timestamp":"2020-05-24T23:13:29.022Z"}
{"message":"Run action. actionType: get_all,\n                            actionPath: tasks","level":"\u001b[32minfo\u001b[39m","timestamp":"2020-05-24T23:13:29.805Z"}
{"message":"Run action. actionType: entrypoint_chat,\n                            actionPath: chatRoom","level":"\u001b[32minfo\u001b[39m","timestamp":"2020-05-24T23:13:29.982Z"}
{"message":"Run action. actionType: get_all,\n                            actionPath: users","level":"\u001b[32minfo\u001b[39m","timestamp":"2020-05-24T23:13:30.468Z"}
{"message":"Run action. actionType: get_notifications,\n                            actionPath: notification","level":"\u001b[32minfo\u001b[39m","timestamp":"2020-05-24T23:13:30.567Z"}
{"message":"Run action. actionType: entrypoint_chat,\n                            actionPath: chatRoom","level":"\u001b[32minfo\u001b[39m","timestamp":"2020-05-24T23:13:31.990Z"}
{"message":"Run action. actionType: get_all,\n                            actionPath: users","level":"\u001b[32minfo\u001b[39m","timestamp":"2020-05-24T23:13:32.797Z"}
{"message":"Run action. actionType: entrypoint_chat,\n                            actionPath: chatRoom","level":"\u001b[32minfo\u001b[39m","timestamp":"2020-05-24T23:13:34.417Z"}
{"message":"Run action. actionType: get_all,\n                            actionPath: users","level":"\u001b[32minfo\u001b[39m","timestamp":"2020-05-24T23:13:35.500Z"}
{"message":"Run action. actionType: entrypoint_chat,\n                            actionPath: chatRoom","level":"\u001b[32minfo\u001b[39m","timestamp":"2020-05-24T23:13:37.056Z"}
{"message":"Run action. actionType: get_notifications,\n                            actionPath: notification","level":"\u001b[32minfo\u001b[39m","timestamp":"2020-05-24T23:13:37.830Z"}
{"message":"Run action. actionType: get_all,\n                            actionPath: users","level":"\u001b[32minfo\u001b[39m","timestamp":"2020-05-24T23:13:40.467Z"}
{"message":"Run action. actionType: entrypoint_chat,\n                            actionPath: chatRoom","level":"\u001b[32minfo\u001b[39m","timestamp":"2020-05-24T23:13:42.118Z"}
{"message":"Run action. actionType: get_notifications,\n                            actionPath: notification","level":"\u001b[32minfo\u001b[39m","timestamp":"2020-05-24T23:13:44.883Z"}
{"message":"Run action. actionType: get_all,\n                            actionPath: users","level":"\u001b[32minfo\u001b[39m","timestamp":"2020-05-24T23:13:45.474Z"}
{"message":"Run action. actionType: entrypoint_chat,\n                            actionPath: chatRoom","level":"\u001b[32minfo\u001b[39m","timestamp":"2020-05-24T23:13:46.927Z"}
{"message":"Run action. actionType: get_msg_by_token,\n                            actionPath: chatMsg","level":"\u001b[32minfo\u001b[39m","timestamp":"2020-05-24T23:13:47.726Z"}
{"message":"Run action. actionType: get_all,\n                            actionPath: users","level":"\u001b[32minfo\u001b[39m","timestamp":"2020-05-24T23:13:49.471Z"}
{"message":"Run action. actionType: get_all,\n                            actionPath: users","level":"\u001b[32minfo\u001b[39m","timestamp":"2020-05-24T23:13:50.824Z"}
{"message":"Run action. actionType: entrypoint_chat,\n                            actionPath: chatRoom","level":"\u001b[32minfo\u001b[39m","timestamp":"2020-05-24T23:13:51.023Z"}
{"message":"Run action. actionType: get_notifications,\n                            actionPath: notification","level":"\u001b[32minfo\u001b[39m","timestamp":"2020-05-24T23:13:51.901Z"}
{"message":"Run action. actionType: entrypoint_chat,\n                            actionPath: chatRoom","level":"\u001b[32minfo\u001b[39m","timestamp":"2020-05-24T23:13:52.359Z"}
{"message":"Run action. actionType: get_all,\n                            actionPath: users","level":"\u001b[32minfo\u001b[39m","timestamp":"2020-05-24T23:13:55.469Z"}
{"message":"Run action. actionType: entrypoint_chat,\n                            actionPath: chatRoom","level":"\u001b[32minfo\u001b[39m","timestamp":"2020-05-24T23:13:57.068Z"}
{"message":"Run action. actionType: get_notifications,\n                            actionPath: notification","level":"\u001b[32minfo\u001b[39m","timestamp":"2020-05-24T23:13:58.984Z"}
{"message":"Run action. actionType: get_notifications,\n                            actionPath: notification","level":"\u001b[32minfo\u001b[39m","timestamp":"2020-05-24T23:13:59.155Z"}
{"message":"Run action. actionType: get_all,\n                            actionPath: tasks","level":"\u001b[32minfo\u001b[39m","timestamp":"2020-05-24T23:14:00.193Z"}
{"message":"Run action. actionType: get_all,\n                            actionPath: users","level":"\u001b[32minfo\u001b[39m","timestamp":"2020-05-24T23:14:00.505Z"}
{"message":"Run action. actionType: entrypoint_chat,\n                            actionPath: chatRoom","level":"\u001b[32minfo\u001b[39m","timestamp":"2020-05-24T23:14:02.200Z"}
{"message":"Run action. actionType: get_all,\n                            actionPath: users","level":"\u001b[32minfo\u001b[39m","timestamp":"2020-05-24T23:14:05.566Z"}
{"message":"Run action. actionType: get_notifications,\n                            actionPath: notification","level":"\u001b[32minfo\u001b[39m","timestamp":"2020-05-24T23:14:05.904Z"}
{"message":"Run action. actionType: entrypoint_chat,\n                            actionPath: chatRoom","level":"\u001b[32minfo\u001b[39m","timestamp":"2020-05-24T23:14:07.408Z"}
{"message":"Run action. actionType: get_all,\n                            actionPath: users","level":"\u001b[32minfo\u001b[39m","timestamp":"2020-05-24T23:14:07.929Z"}
{"message":"Run action. actionType: entrypoint_chat,\n                            actionPath: chatRoom","level":"\u001b[32minfo\u001b[39m","timestamp":"2020-05-24T23:14:09.498Z"}
{"message":"Run action. actionType: get_all,\n                            actionPath: users","level":"\u001b[32minfo\u001b[39m","timestamp":"2020-05-24T23:14:10.458Z"}
{"message":"Run action. actionType: entrypoint_chat,\n                            actionPath: chatRoom","level":"\u001b[32minfo\u001b[39m","timestamp":"2020-05-24T23:14:11.974Z"}
{"message":"Run action. actionType: get_notifications,\n                            actionPath: notification","level":"\u001b[32minfo\u001b[39m","timestamp":"2020-05-24T23:14:12.842Z"}
{"message":"Run action. actionType: get_msg_by_token,\n                            actionPath: chatMsg","level":"\u001b[32minfo\u001b[39m","timestamp":"2020-05-24T23:14:13.575Z"}
{"message":"Run action. actionType: get_all,\n                            actionPath: users","level":"\u001b[32minfo\u001b[39m","timestamp":"2020-05-24T23:14:14.698Z"}
{"message":"Run action. actionType: get_all,\n                            actionPath: users","level":"\u001b[32minfo\u001b[39m","timestamp":"2020-05-24T23:14:16.051Z"}
{"message":"Run action. actionType: entrypoint_chat,\n                            actionPath: chatRoom","level":"\u001b[32minfo\u001b[39m","timestamp":"2020-05-24T23:14:16.232Z"}
{"message":"Run action. actionType: entrypoint_chat,\n                            actionPath: chatRoom","level":"\u001b[32minfo\u001b[39m","timestamp":"2020-05-24T23:14:17.648Z"}
{"message":"Run action. actionType: get_notifications,\n                            actionPath: notification","level":"\u001b[32minfo\u001b[39m","timestamp":"2020-05-24T23:14:19.858Z"}
{"message":"Run action. actionType: get_all,\n                            actionPath: users","level":"\u001b[32minfo\u001b[39m","timestamp":"2020-05-24T23:14:20.475Z"}
{"message":"Run action. actionType: entrypoint_chat,\n                            actionPath: chatRoom","level":"\u001b[32minfo\u001b[39m","timestamp":"2020-05-24T23:14:22.010Z"}
{"message":"Run action. actionType: get_all,\n                            actionPath: users","level":"\u001b[32minfo\u001b[39m","timestamp":"2020-05-24T23:14:25.501Z"}
{"message":"Run action. actionType: get_notifications,\n                            actionPath: notification","level":"\u001b[32minfo\u001b[39m","timestamp":"2020-05-24T23:14:26.858Z"}
{"message":"Run action. actionType: entrypoint_chat,\n                            actionPath: chatRoom","level":"\u001b[32minfo\u001b[39m","timestamp":"2020-05-24T23:14:27.175Z"}
{"message":"Run action. actionType: get_notifications,\n                            actionPath: notification","level":"\u001b[32minfo\u001b[39m","timestamp":"2020-05-24T23:14:28.994Z"}
{"message":"Run action. actionType: get_all,\n                            actionPath: tasks","level":"\u001b[32minfo\u001b[39m","timestamp":"2020-05-24T23:14:30.057Z"}
{"message":"Run action. actionType: get_all,\n                            actionPath: users","level":"\u001b[32minfo\u001b[39m","timestamp":"2020-05-24T23:14:30.527Z"}
{"message":"Run action. actionType: entrypoint_chat,\n                            actionPath: chatRoom","level":"\u001b[32minfo\u001b[39m","timestamp":"2020-05-24T23:14:32.031Z"}
{"message":"Run action. actionType: get_notifications,\n                            actionPath: notification","level":"\u001b[32minfo\u001b[39m","timestamp":"2020-05-24T23:14:33.847Z"}
{"message":"Run action. actionType: get_all,\n                            actionPath: users","level":"\u001b[32minfo\u001b[39m","timestamp":"2020-05-24T23:14:35.495Z"}
{"message":"Run action. actionType: entrypoint_chat,\n                            actionPath: chatRoom","level":"\u001b[32minfo\u001b[39m","timestamp":"2020-05-24T23:14:37.018Z"}
{"message":"Run action. actionType: get_all,\n                            actionPath: users","level":"\u001b[32minfo\u001b[39m","timestamp":"2020-05-24T23:14:40.457Z"}
{"message":"Run action. actionType: get_notifications,\n                            actionPath: notification","level":"\u001b[32minfo\u001b[39m","timestamp":"2020-05-24T23:14:40.833Z"}
{"message":"Run action. actionType: entrypoint_chat,\n                            actionPath: chatRoom","level":"\u001b[32minfo\u001b[39m","timestamp":"2020-05-24T23:14:41.952Z"}
{"message":"Run action. actionType: get_all,\n                            actionPath: users","level":"\u001b[32minfo\u001b[39m","timestamp":"2020-05-24T23:14:45.497Z"}
{"message":"Run action. actionType: entrypoint_chat,\n                            actionPath: chatRoom","level":"\u001b[32minfo\u001b[39m","timestamp":"2020-05-24T23:14:47.114Z"}
{"message":"Run action. actionType: get_notifications,\n                            actionPath: notification","level":"\u001b[32minfo\u001b[39m","timestamp":"2020-05-24T23:14:47.866Z"}
{"message":"Run action. actionType: get_all,\n                            actionPath: users","level":"\u001b[32minfo\u001b[39m","timestamp":"2020-05-24T23:14:50.469Z"}
{"message":"Run action. actionType: entrypoint_chat,\n                            actionPath: chatRoom","level":"\u001b[32minfo\u001b[39m","timestamp":"2020-05-24T23:14:52.096Z"}
{"message":"Run action. actionType: get_notifications,\n                            actionPath: notification","level":"\u001b[32minfo\u001b[39m","timestamp":"2020-05-24T23:14:54.834Z"}
{"message":"Run action. actionType: get_all,\n                            actionPath: users","level":"\u001b[32minfo\u001b[39m","timestamp":"2020-05-24T23:14:55.494Z"}
{"message":"Run action. actionType: entrypoint_chat,\n                            actionPath: chatRoom","level":"\u001b[32minfo\u001b[39m","timestamp":"2020-05-24T23:14:57.067Z"}
{"message":"Run action. actionType: get_notifications,\n                            actionPath: notification","level":"\u001b[32minfo\u001b[39m","timestamp":"2020-05-24T23:14:58.996Z"}
{"message":"Run action. actionType: get_all,\n                            actionPath: tasks","level":"\u001b[32minfo\u001b[39m","timestamp":"2020-05-24T23:15:00.037Z"}
{"message":"Run action. actionType: get_all,\n                            actionPath: users","level":"\u001b[32minfo\u001b[39m","timestamp":"2020-05-24T23:15:00.502Z"}
{"message":"Run action. actionType: get_notifications,\n                            actionPath: notification","level":"\u001b[32minfo\u001b[39m","timestamp":"2020-05-24T23:15:01.833Z"}
{"message":"Run action. actionType: entrypoint_chat,\n                            actionPath: chatRoom","level":"\u001b[32minfo\u001b[39m","timestamp":"2020-05-24T23:15:02.034Z"}
{"message":"Run action. actionType: get_all,\n                            actionPath: users","level":"\u001b[32minfo\u001b[39m","timestamp":"2020-05-24T23:15:05.498Z"}
{"message":"Run action. actionType: entrypoint_chat,\n                            actionPath: chatRoom","level":"\u001b[32minfo\u001b[39m","timestamp":"2020-05-24T23:15:07.116Z"}
{"message":"Run action. actionType: get_notifications,\n                            actionPath: notification","level":"\u001b[32minfo\u001b[39m","timestamp":"2020-05-24T23:15:08.842Z"}
{"message":"Run action. actionType: get_all,\n                            actionPath: users","level":"\u001b[32minfo\u001b[39m","timestamp":"2020-05-24T23:15:10.583Z"}
{"message":"Run action. actionType: entrypoint_chat,\n                            actionPath: chatRoom","level":"\u001b[32minfo\u001b[39m","timestamp":"2020-05-24T23:15:12.102Z"}
{"message":"Run action. actionType: get_all,\n                            actionPath: users","level":"\u001b[32minfo\u001b[39m","timestamp":"2020-05-24T23:15:15.454Z"}
{"message":"Run action. actionType: get_notifications,\n                            actionPath: notification","level":"\u001b[32minfo\u001b[39m","timestamp":"2020-05-24T23:15:15.832Z"}
{"message":"Run action. actionType: entrypoint_chat,\n                            actionPath: chatRoom","level":"\u001b[32minfo\u001b[39m","timestamp":"2020-05-24T23:15:16.984Z"}
{"message":"Run action. actionType: __getJurnal,\n                            actionPath: jurnalworks","level":"\u001b[32minfo\u001b[39m","timestamp":"2020-05-24T23:15:22.359Z"}
{"message":"Run action. actionType: get_all,\n                            actionPath: users","level":"\u001b[32minfo\u001b[39m","timestamp":"2020-05-24T23:15:22.364Z"}
{"message":"Run action. actionType: get_statusList,\n                            actionPath: settings","level":"\u001b[32minfo\u001b[39m","timestamp":"2020-05-24T23:16:31.130Z"}
{"message":"Run action. actionType: get_notifications,\n                            actionPath: notification","level":"\u001b[32minfo\u001b[39m","timestamp":"2020-05-24T23:16:38.595Z"}
{"message":"Run action. actionType: get_notifications,\n                            actionPath: notification","level":"\u001b[32minfo\u001b[39m","timestamp":"2020-05-24T23:16:38.720Z"}
{"message":"Run action. actionType: get_all,\n                            actionPath: users","level":"\u001b[32minfo\u001b[39m","timestamp":"2020-05-24T23:16:39.072Z"}
{"message":"Run action. actionType: get_all,\n                            actionPath: tasks","level":"\u001b[32minfo\u001b[39m","timestamp":"2020-05-24T23:16:39.813Z"}
{"message":"Run action. actionType: get_all,\n                            actionPath: users","level":"\u001b[32minfo\u001b[39m","timestamp":"2020-05-24T23:16:41.878Z"}
{"message":"Run action. actionType: __getJurnal,\n                            actionPath: jurnalworks","level":"\u001b[32minfo\u001b[39m","timestamp":"2020-05-24T23:16:41.936Z"}
{"message":"Run action. actionType: get_statusList,\n                            actionPath: settings","level":"\u001b[32minfo\u001b[39m","timestamp":"2020-05-24T23:17:23.460Z"}
{"message":"Run action. actionType: get_notifications,\n                            actionPath: notification","level":"\u001b[32minfo\u001b[39m","timestamp":"2020-05-24T23:17:25.723Z"}
{"message":"Run action. actionType: get_all,\n                            actionPath: users","level":"\u001b[32minfo\u001b[39m","timestamp":"2020-05-24T23:17:25.766Z"}
{"message":"Run action. actionType: get_notifications,\n                            actionPath: notification","level":"\u001b[32minfo\u001b[39m","timestamp":"2020-05-24T23:17:25.812Z"}
{"message":"Run action. actionType: get_all,\n                            actionPath: tasks","level":"\u001b[32minfo\u001b[39m","timestamp":"2020-05-24T23:17:27.039Z"}
{"message":"Run action. actionType: get_all,\n                            actionPath: news","level":"\u001b[32minfo\u001b[39m","timestamp":"2020-05-24T23:17:28.243Z"}
{"message":"Run action. actionType: get_all,\n                            actionPath: news","level":"\u001b[32minfo\u001b[39m","timestamp":"2020-05-24T23:17:29.302Z"}
{"message":"Run action. actionType: get_statusList,\n                            actionPath: settings","level":"\u001b[32minfo\u001b[39m","timestamp":"2020-05-24T23:18:51.709Z"}
{"message":"Run action. actionType: get_notifications,\n                            actionPath: notification","level":"\u001b[32minfo\u001b[39m","timestamp":"2020-05-24T23:18:53.951Z"}
{"message":"Run action. actionType: get_all,\n                            actionPath: users","level":"\u001b[32minfo\u001b[39m","timestamp":"2020-05-24T23:18:53.955Z"}
{"message":"Run action. actionType: get_notifications,\n                            actionPath: notification","level":"\u001b[32minfo\u001b[39m","timestamp":"2020-05-24T23:18:53.994Z"}
{"message":"Run action. actionType: get_all,\n                            actionPath: tasks","level":"\u001b[32minfo\u001b[39m","timestamp":"2020-05-24T23:18:54.734Z"}
{"message":"Run action. actionType: get_all,\n                            actionPath: news","level":"\u001b[32minfo\u001b[39m","timestamp":"2020-05-24T23:18:56.859Z"}
{"message":"Run action. actionType: get_notifications,\n                            actionPath: notification","level":"\u001b[32minfo\u001b[39m","timestamp":"2020-05-24T23:19:00.761Z"}
{"message":"Run action. actionType: get_all,\n                            actionPath: news","level":"\u001b[32minfo\u001b[39m","timestamp":"2020-05-24T23:19:01.003Z"}
{"message":"Run action. actionType: get_all,\n                            actionPath: news","level":"\u001b[32minfo\u001b[39m","timestamp":"2020-05-24T23:19:04.782Z"}
{"message":"Run action. actionType: get_notifications,\n                            actionPath: notification","level":"\u001b[32minfo\u001b[39m","timestamp":"2020-05-24T23:19:07.769Z"}
{"message":"Run action. actionType: get_notifications,\n                            actionPath: notification","level":"\u001b[32minfo\u001b[39m","timestamp":"2020-05-24T23:19:14.778Z"}
{"message":"Run action. actionType: get_notifications,\n                            actionPath: notification","level":"\u001b[32minfo\u001b[39m","timestamp":"2020-05-24T23:19:21.784Z"}
{"message":"Run action. actionType: get_notifications,\n                            actionPath: notification","level":"\u001b[32minfo\u001b[39m","timestamp":"2020-05-24T23:19:23.950Z"}
{"message":"Run action. actionType: get_all,\n                            actionPath: tasks","level":"\u001b[32minfo\u001b[39m","timestamp":"2020-05-24T23:19:24.981Z"}
{"message":"Run action. actionType: get_notifications,\n                            actionPath: notification","level":"\u001b[32minfo\u001b[39m","timestamp":"2020-05-24T23:19:28.735Z"}
{"message":"Run action. actionType: get_statusList,\n                            actionPath: settings","level":"\u001b[32minfo\u001b[39m","timestamp":"2020-05-24T23:19:36.425Z"}
{"message":"Run action. actionType: get_notifications,\n                            actionPath: notification","level":"\u001b[32minfo\u001b[39m","timestamp":"2020-05-24T23:19:38.932Z"}
{"message":"Run action. actionType: get_notifications,\n                            actionPath: notification","level":"\u001b[32minfo\u001b[39m","timestamp":"2020-05-24T23:19:38.938Z"}
{"message":"Run action. actionType: get_all,\n                            actionPath: users","level":"\u001b[32minfo\u001b[39m","timestamp":"2020-05-24T23:19:38.997Z"}
{"message":"Run action. actionType: get_all,\n                            actionPath: tasks","level":"\u001b[32minfo\u001b[39m","timestamp":"2020-05-24T23:19:39.829Z"}
{"message":"Run action. actionType: get_notifications,\n                            actionPath: notification","level":"\u001b[32minfo\u001b[39m","timestamp":"2020-05-24T23:19:45.536Z"}
{"message":"Run action. actionType: get_statusList,\n                            actionPath: settings","level":"\u001b[32minfo\u001b[39m","timestamp":"2020-05-24T23:19:54.592Z"}
{"message":"Run action. actionType: get_notifications,\n                            actionPath: notification","level":"\u001b[32minfo\u001b[39m","timestamp":"2020-05-24T23:19:56.987Z"}
{"message":"Run action. actionType: get_notifications,\n                            actionPath: notification","level":"\u001b[32minfo\u001b[39m","timestamp":"2020-05-24T23:19:57.017Z"}
{"message":"Run action. actionType: get_all,\n                            actionPath: tasks","level":"\u001b[32minfo\u001b[39m","timestamp":"2020-05-24T23:19:58.030Z"}
{"message":"Run action. actionType: get_all,\n                            actionPath: users","level":"\u001b[32minfo\u001b[39m","timestamp":"2020-05-24T23:19:58.624Z"}
{"message":"Run action. actionType: get_notifications,\n                            actionPath: notification","level":"\u001b[32minfo\u001b[39m","timestamp":"2020-05-24T23:20:03.750Z"}
{"message":"Run action. actionType: get_statusList,\n                            actionPath: settings","level":"\u001b[32minfo\u001b[39m","timestamp":"2020-05-24T23:20:12.697Z"}
{"message":"Run action. actionType: get_notifications,\n                            actionPath: notification","level":"\u001b[32minfo\u001b[39m","timestamp":"2020-05-24T23:20:14.972Z"}
{"message":"Run action. actionType: get_notifications,\n                            actionPath: notification","level":"\u001b[32minfo\u001b[39m","timestamp":"2020-05-24T23:20:15.027Z"}
{"message":"Run action. actionType: get_all,\n                            actionPath: users","level":"\u001b[32minfo\u001b[39m","timestamp":"2020-05-24T23:20:15.044Z"}
{"message":"Run action. actionType: get_all,\n                            actionPath: tasks","level":"\u001b[32minfo\u001b[39m","timestamp":"2020-05-24T23:20:15.946Z"}
{"message":"Run action. actionType: get_notifications,\n                            actionPath: notification","level":"\u001b[32minfo\u001b[39m","timestamp":"2020-05-24T23:20:21.788Z"}
{"message":"Run action. actionType: get_all,\n                            actionPath: news","level":"\u001b[32minfo\u001b[39m","timestamp":"2020-05-24T23:20:24.784Z"}
{"message":"Run action. actionType: get_notifications,\n                            actionPath: notification","level":"\u001b[32minfo\u001b[39m","timestamp":"2020-05-24T23:21:10.333Z"}
{"message":"Run action. actionType: get_notifications,\n                            actionPath: notification","level":"\u001b[32minfo\u001b[39m","timestamp":"2020-05-24T23:21:10.393Z"}
{"message":"Run action. actionType: get_statusList,\n                            actionPath: settings","level":"\u001b[32minfo\u001b[39m","timestamp":"2020-05-24T23:21:13.773Z"}
{"message":"Run action. actionType: get_all,\n                            actionPath: users","level":"\u001b[32minfo\u001b[39m","timestamp":"2020-05-24T23:21:16.049Z"}
{"message":"Run action. actionType: get_notifications,\n                            actionPath: notification","level":"\u001b[32minfo\u001b[39m","timestamp":"2020-05-24T23:21:16.078Z"}
{"message":"Run action. actionType: get_notifications,\n                            actionPath: notification","level":"\u001b[32minfo\u001b[39m","timestamp":"2020-05-24T23:21:16.084Z"}
{"message":"Run action. actionType: get_all,\n                            actionPath: tasks","level":"\u001b[32minfo\u001b[39m","timestamp":"2020-05-24T23:21:16.952Z"}
{"message":"Run action. actionType: get_all,\n                            actionPath: news","level":"\u001b[32minfo\u001b[39m","timestamp":"2020-05-24T23:21:18.022Z"}
{"message":"Run action. actionType: get_all,\n                            actionPath: news","level":"\u001b[32minfo\u001b[39m","timestamp":"2020-05-24T23:21:19.014Z"}
{"message":"Run action. actionType: get_statusList,\n                            actionPath: settings","level":"\u001b[32minfo\u001b[39m","timestamp":"2020-05-24T23:21:25.649Z"}
{"message":"Run action. actionType: get_all,\n                            actionPath: users","level":"\u001b[32minfo\u001b[39m","timestamp":"2020-05-24T23:21:27.837Z"}
{"message":"Run action. actionType: get_notifications,\n                            actionPath: notification","level":"\u001b[32minfo\u001b[39m","timestamp":"2020-05-24T23:21:27.906Z"}
{"message":"Run action. actionType: get_notifications,\n                            actionPath: notification","level":"\u001b[32minfo\u001b[39m","timestamp":"2020-05-24T23:21:27.912Z"}
{"message":"Run action. actionType: get_all,\n                            actionPath: tasks","level":"\u001b[32minfo\u001b[39m","timestamp":"2020-05-24T23:21:28.909Z"}
{"message":"Run action. actionType: get_statusList,\n                            actionPath: settings","level":"\u001b[32minfo\u001b[39m","timestamp":"2020-05-24T23:22:47.256Z"}
{"message":"Run action. actionType: get_notifications,\n                            actionPath: notification","level":"\u001b[32minfo\u001b[39m","timestamp":"2020-05-24T23:22:49.491Z"}
{"message":"Run action. actionType: get_notifications,\n                            actionPath: notification","level":"\u001b[32minfo\u001b[39m","timestamp":"2020-05-24T23:22:49.505Z"}
{"message":"Run action. actionType: get_all,\n                            actionPath: users","level":"\u001b[32minfo\u001b[39m","timestamp":"2020-05-24T23:22:49.849Z"}
{"message":"Run action. actionType: get_all,\n                            actionPath: tasks","level":"\u001b[32minfo\u001b[39m","timestamp":"2020-05-24T23:22:50.376Z"}
{"message":"Run action. actionType: get_statusList,\n                            actionPath: settings","level":"\u001b[32minfo\u001b[39m","timestamp":"2020-05-24T23:24:30.451Z"}
{"message":"Run action. actionType: get_notifications,\n                            actionPath: notification","level":"\u001b[32minfo\u001b[39m","timestamp":"2020-05-24T23:24:32.892Z"}
{"message":"Run action. actionType: get_all,\n                            actionPath: users","level":"\u001b[32minfo\u001b[39m","timestamp":"2020-05-24T23:24:32.934Z"}
{"message":"Run action. actionType: get_notifications,\n                            actionPath: notification","level":"\u001b[32minfo\u001b[39m","timestamp":"2020-05-24T23:24:32.939Z"}
{"message":"Run action. actionType: get_all,\n                            actionPath: tasks","level":"\u001b[32minfo\u001b[39m","timestamp":"2020-05-24T23:24:34.236Z"}
{"message":"Run action. actionType: get_all,\n                            actionPath: news","level":"\u001b[32minfo\u001b[39m","timestamp":"2020-05-24T23:24:38.891Z"}
{"message":"Run action. actionType: get_notifications,\n                            actionPath: notification","level":"\u001b[32minfo\u001b[39m","timestamp":"2020-05-24T23:24:39.683Z"}
{"message":"Run action. actionType: get_statusList,\n                            actionPath: settings","level":"\u001b[32minfo\u001b[39m","timestamp":"2020-05-24T23:25:01.689Z"}
{"message":"Run action. actionType: get_notifications,\n                            actionPath: notification","level":"\u001b[32minfo\u001b[39m","timestamp":"2020-05-24T23:25:03.895Z"}
{"message":"Run action. actionType: get_notifications,\n                            actionPath: notification","level":"\u001b[32minfo\u001b[39m","timestamp":"2020-05-24T23:25:03.935Z"}
{"message":"Run action. actionType: get_all,\n                            actionPath: users","level":"\u001b[32minfo\u001b[39m","timestamp":"2020-05-24T23:25:04.118Z"}
{"message":"Run action. actionType: get_all,\n                            actionPath: tasks","level":"\u001b[32minfo\u001b[39m","timestamp":"2020-05-24T23:25:04.818Z"}
{"message":"Run action. actionType: get_statusList,\n                            actionPath: settings","level":"\u001b[32minfo\u001b[39m","timestamp":"2020-05-24T23:27:35.012Z"}
{"message":"Run action. actionType: get_notifications,\n                            actionPath: notification","level":"\u001b[32minfo\u001b[39m","timestamp":"2020-05-24T23:27:37.339Z"}
{"message":"Run action. actionType: get_notifications,\n                            actionPath: notification","level":"\u001b[32minfo\u001b[39m","timestamp":"2020-05-24T23:27:37.358Z"}
{"message":"Run action. actionType: get_all,\n                            actionPath: users","level":"\u001b[32minfo\u001b[39m","timestamp":"2020-05-24T23:27:37.525Z"}
{"message":"Run action. actionType: get_all,\n                            actionPath: tasks","level":"\u001b[32minfo\u001b[39m","timestamp":"2020-05-24T23:27:38.241Z"}
{"message":"Run action. actionType: get_all,\n                            actionPath: users","level":"\u001b[32minfo\u001b[39m","timestamp":"2020-05-24T23:27:39.358Z"}
{"message":"Run action. actionType: entrypoint_chat,\n                            actionPath: chatRoom","level":"\u001b[32minfo\u001b[39m","timestamp":"2020-05-24T23:27:41.019Z"}
{"message":"Run action. actionType: get_all,\n                            actionPath: news","level":"\u001b[32minfo\u001b[39m","timestamp":"2020-05-24T23:27:41.658Z"}
{"message":"Run action. actionType: get_statusList,\n                            actionPath: settings","level":"\u001b[32minfo\u001b[39m","timestamp":"2020-05-24T23:28:11.715Z"}
{"message":"Run action. actionType: get_all,\n                            actionPath: users","level":"\u001b[32minfo\u001b[39m","timestamp":"2020-05-24T23:28:13.936Z"}
{"message":"Run action. actionType: get_notifications,\n                            actionPath: notification","level":"\u001b[32minfo\u001b[39m","timestamp":"2020-05-24T23:28:13.948Z"}
{"message":"Run action. actionType: get_notifications,\n                            actionPath: notification","level":"\u001b[32minfo\u001b[39m","timestamp":"2020-05-24T23:28:15.433Z"}
{"message":"Run action. actionType: get_all,\n                            actionPath: tasks","level":"\u001b[32minfo\u001b[39m","timestamp":"2020-05-24T23:28:16.476Z"}
{"message":"Run action. actionType: get_notifications,\n                            actionPath: notification","level":"\u001b[32minfo\u001b[39m","timestamp":"2020-05-24T23:28:20.779Z"}
{"message":"Run action. actionType: get_all,\n                            actionPath: users","level":"\u001b[32minfo\u001b[39m","timestamp":"2020-05-24T23:28:23.708Z"}
{"message":"Run action. actionType: entrypoint_chat,\n                            actionPath: chatRoom","level":"\u001b[32minfo\u001b[39m","timestamp":"2020-05-24T23:28:26.204Z"}
{"message":"Run action. actionType: get_statusList,\n                            actionPath: settings","level":"\u001b[32minfo\u001b[39m","timestamp":"2020-05-24T23:28:27.995Z"}
{"message":"Run action. actionType: get_notifications,\n                            actionPath: notification","level":"\u001b[32minfo\u001b[39m","timestamp":"2020-05-24T23:28:30.192Z"}
{"message":"Run action. actionType: get_notifications,\n                            actionPath: notification","level":"\u001b[32minfo\u001b[39m","timestamp":"2020-05-24T23:28:30.211Z"}
{"message":"Run action. actionType: get_all,\n                            actionPath: users","level":"\u001b[32minfo\u001b[39m","timestamp":"2020-05-24T23:28:30.255Z"}
{"message":"Run action. actionType: get_all,\n                            actionPath: tasks","level":"\u001b[32minfo\u001b[39m","timestamp":"2020-05-24T23:28:31.093Z"}
{"message":"Run action. actionType: get_statusList,\n                            actionPath: settings","level":"\u001b[32minfo\u001b[39m","timestamp":"2020-05-24T23:28:40.889Z"}
